This is pdfTeX, Version 3.14159265-2.6-1.40.20 (TeX Live 2019/Debian) (preloaded format=latex 2024.3.20)  20 MAR 2024 10:32
entering extended mode
 restricted \write18 enabled.
 %&-line parsing enabled.
**czech.ins
(./czech.ins
LaTeX2e <2020-02-02> patch level 2
L3 programming layer <2020-02-14>
(/usr/share/texlive/texmf-dist/tex/latex/base/docstrip.tex
\blockLevel=\count167
\emptyLines=\count168
\processedLines=\count169
\commentsRemoved=\count170
\commentsPassed=\count171
\codeLinesPassed=\count172
\TotalprocessedLines=\count173
\TotalcommentsRemoved=\count174
\TotalcommentsPassed=\count175
\TotalcodeLinesPassed=\count176
\NumberOfFiles=\count177
\inFile=\read2
\inputcheck=\read3
\off@0=\count178
\off@1=\count179
\off@2=\count180
\off@3=\count181
\off@4=\count182
\off@5=\count183
\off@6=\count184
\off@7=\count185
\off@8=\count186
\off@9=\count187
\off@10=\count188
\off@11=\count189
\off@12=\count190
\off@13=\count191
\off@14=\count192
\off@15=\count193
\@maxfiles=\count194
\@maxoutfiles=\count195

Utility: `docstrip' 2.5g <2018/05/03>
English documentation    <2018/05/03>

**********************************************************
* This program converts documented macro-files into fast *
* loadable files by stripping off (nearly) all comments! *
**********************************************************

********************************************************
* No Configuration file found, using default settings. *
********************************************************

(./czech.ins
File ./czech.ldf already exists on the system.
Overwrite it? [y/n]
\answer=y

Generating file(s) ./czech.ldf 
\openout0 = `./czech.ldf'.


Processing file czech.dtx (code) -> czech.ldf
File czech.dtx ended by \endinput.
Lines  processed: 1156
Comments removed: 728
Comments  passed: 27
Codelines passed: 394

***********************************************************
*
* To finish the installation you have to move the following
* files into a directory searched by TeX:
*
*   All *.def, *.fd, *.ldf, *.sty
*
* To produce the documentation run the files ending with
* '.dtx' and `.fdd' through LaTeX.
*
* Happy TeXing
***********************************************************
) ) ) 
Here is how much of TeX's memory you used:
 328 strings out of 483184
 3427 string characters out of 5966318
 235839 words of memory out of 5000000
 15437 multiletter control sequences out of 15000+600000
 532338 words of font info for 24 fonts, out of 8000000 for 9000
 14 hyphenation exceptions out of 8191
 15i,0n,15p,146b,126s stack positions out of 5000i,500n,10000p,200000b,80000s

No pages of output.
