\BOOKMARK [0][-]{chapter.1}{\376\377\000\332\000v\000o\000d}{}% 1
\BOOKMARK [1][-]{subsection.1.0.1}{\376\377\000P\000o\000j\000m\000y}{chapter.1}% 2
\BOOKMARK [1][-]{section.1.1}{\376\377\000P\001\131\000e\000d\000s\000t\000a\000v\000e\000n\000\355\000\040\000t\000\351\000m\000a\000t\000u}{chapter.1}% 3
\BOOKMARK [1][-]{section.1.2}{\376\377\000C\000\355\000l\000e\000\040\000p\000r\000\341\000c\000e}{chapter.1}% 4
\BOOKMARK [1][-]{section.1.3}{\376\377\000S\000t\000r\000u\000k\000t\000u\000r\000a\000\040\000p\000r\000\341\000c\000e}{chapter.1}% 5
\BOOKMARK [0][-]{chapter.2}{\376\377\000T\000e\000o\000r\000e\000t\000i\000c\000k\000\351\000\040\000z\000\341\000k\000l\000a\000d\000y}{}% 6
\BOOKMARK [1][-]{section.2.1}{\376\377\000D\000e\000f\000i\000n\000i\000c\000e\000\040\000p\000o\000d\000p\000i\000s\000u\000\040\000a\000\040\000j\000e\000h\000o\000\040\000c\000h\000a\000r\000a\000k\000t\000e\000r\000i\000s\000t\000i\000k\000y}{chapter.2}% 7
\BOOKMARK [1][-]{section.2.2}{\376\377\000B\000i\000o\000m\000e\000t\000r\000i\000c\000k\000\341\000\040\000a\000u\000t\000e\000n\000t\000i\000z\000a\000c\000e}{chapter.2}% 8
\BOOKMARK [1][-]{section.2.3}{\376\377\000D\000y\000n\000a\000m\000i\000c\000k\000\351\000\040\000p\000a\000r\000a\000m\000e\000t\000r\000y\000\040\000p\000o\000d\000p\000i\000s\000u}{chapter.2}% 9
\BOOKMARK [1][-]{section.2.4}{\376\377\000R\000o\000z\000p\000o\000z\000n\000\341\000v\000\341\000n\000\355\000\040\000f\000a\000l\000s\000i\000f\000i\000k\000\341\000t\001\157}{chapter.2}% 10
\BOOKMARK [0][-]{chapter.3}{\376\377\000A\000n\000a\000l\000\375\000z\000a\000\040\000s\000o\000u\001\015\000a\000s\000n\000\375\000c\000h\000\040\001\131\000e\001\141\000e\000n\000\355}{}% 11
\BOOKMARK [1][-]{section.3.1}{\376\377\000S\000o\000u\001\015\000a\000s\000n\000\341\000\040\001\131\000e\001\141\000e\000n\000\355\000\040\000v\000\040\000o\000b\000l\000a\000s\000t\000i\000\040\000b\000i\000o\000m\000e\000t\000r\000i\000e}{chapter.3}% 12
\BOOKMARK [1][-]{section.3.2}{\376\377\000P\001\131\000\355\000k\000l\000a\000d\000y\000\040\000s\000y\000s\000t\000\351\000m\001\157\000\040\000p\000r\000o\000\040\000d\000i\000g\000i\000t\000\341\000l\000n\000\355\000\040\000s\000n\000\355\000m\000\341\000n\000\355\000\040\000p\000o\000d\000p\000i\000s\000u}{chapter.3}% 13
\BOOKMARK [1][-]{section.3.3}{\376\377\000H\000o\000d\000n\000o\000c\000e\000n\000\355\000\040\000v\000\375\000h\000o\000d\000\040\000a\000\040\000n\000e\000v\000\375\000h\000o\000d\000\040\000e\000x\000i\000s\000t\000u\000j\000\355\000c\000\355\000c\000h\000\040\001\131\000e\001\141\000e\000n\000\355}{chapter.3}% 14
\BOOKMARK [0][-]{chapter.4}{\376\377\000N\000\341\000v\000r\000h\000\040\000s\000n\000\355\000m\000a\000c\000\355\000h\000o\000\040\000p\000e\000r\000a}{}% 15
\BOOKMARK [1][-]{section.4.1}{\376\377\000V\000\375\000b\001\033\000r\000\040\000s\000e\000n\000z\000o\000r\001\157\000\040\000a\000\040\000t\000e\000c\000h\000n\000o\000l\000o\000g\000i\000\355}{chapter.4}% 16
\BOOKMARK [2][-]{subsection.4.1.1}{\376\377\000E\000P\000S\0003\0002}{section.4.1}% 17
\BOOKMARK [2][-]{subsection.4.1.2}{\376\377\000M\000P\000U\000-\0006\0000\0005\0000\000\040\000\050\000a\000k\000c\000e\000l\000e\000r\000o\000m\000e\000t\000r\000\040\000a\000\040\000g\000y\000r\000o\000s\000k\000o\000p\000\051}{section.4.1}% 18
\BOOKMARK [2][-]{subsection.4.1.3}{\376\377\000T\000l\000a\000k\000o\000v\000\375\000\040\000s\000e\000n\000z\000o\000r\000\040\000I\000n\000t\000e\000r\000l\000i\000n\000k\000\040\000E\000l\000e\000c\000t\000r\000o\000n\000i\000c\000s\000\040\000F\000S\000R\000\256\000\040\0004\0000\0000}{section.4.1}% 19
\BOOKMARK [1][-]{section.4.2}{\376\377\000S\000c\000h\000\351\000m\000a\000\040\000a\000\040\000p\000o\000p\000i\000s\000\040\000n\000\341\000v\000r\000h\000u}{chapter.4}% 20
\BOOKMARK [0][-]{chapter.5}{\376\377\000I\000m\000p\000l\000e\000m\000e\000n\000t\000a\000c\000e\000\040\000p\000r\000o\000t\000o\000t\000y\000p\000u}{}% 21
\BOOKMARK [1][-]{section.5.1}{\376\377\000V\000\375\000v\000o\000j\000\040\000h\000a\000r\000d\000w\000a\000r\000u}{chapter.5}% 22
\BOOKMARK [1][-]{section.5.2}{\376\377\000S\000b\000\355\000r\000\341\000n\000\355\000\040\000d\000a\000t\000\040\000v\000\040\000r\000e\000\341\000l\000n\000\351\000m\000\040\001\015\000a\000s\000e}{chapter.5}% 23
\BOOKMARK [1][-]{section.5.3}{\376\377\000U\000k\000l\000\341\000d\000\341\000n\000\355\000\040\000d\000a\000t\000\040\000p\000r\000o\000\040\000n\000\341\000s\000l\000e\000d\000n\000o\000u\000\040\000r\000e\000p\000l\000i\000k\000a\000c\000i\000\040\000p\000o\000d\000p\000i\000s\000u}{chapter.5}% 24
\BOOKMARK [0][-]{chapter.6}{\376\377\000R\000e\000p\000l\000i\000k\000a\000c\000e\000\040\000p\000o\000d\000p\000i\000s\000u}{}% 25
\BOOKMARK [1][-]{section.6.1}{\376\377\000V\000y\000u\001\176\000i\000t\000\355\000\040\000r\000o\000b\000o\000t\000i\000c\000k\000\351\000\040\000r\000u\000k\000y\000\040\000n\000e\000b\000o\000\040\0003\000D\000\040\000t\000i\000s\000k\000\341\000r\000n\000y}{chapter.6}% 26
\BOOKMARK [1][-]{section.6.2}{\376\377\000T\000r\000a\000n\000s\000f\000o\000r\000m\000a\000c\000e\000\040\000n\000a\000s\000n\000\355\000m\000a\000n\000\375\000c\000h\000\040\000d\000a\000t\000\040\000n\000a\000\040\000k\000\363\000d\000\040\000p\000r\000o\000\040\000r\000e\000p\000l\000i\000k\000a\000c\000i}{chapter.6}% 27
\BOOKMARK [1][-]{section.6.3}{\376\377\000T\000e\000s\000t\000o\000v\000\341\000n\000\355\000\040\000a\000\040\000v\000\375\000s\000l\000e\000d\000k\000y\000\040\000r\000e\000p\000l\000i\000k\000a\000c\000e}{chapter.6}% 28
\BOOKMARK [0][-]{chapter.7}{\376\377\000H\000o\000d\000n\000o\000c\000e\000n\000\355\000\040\000v\000\375\000s\000l\000e\000d\000k\001\157}{}% 29
\BOOKMARK [1][-]{section.7.1}{\376\377\000A\000n\000a\000l\000\375\000z\000a\000\040\000d\000o\000s\000a\001\176\000e\000n\000\375\000c\000h\000\040\000v\000\375\000s\000l\000e\000d\000k\001\157}{chapter.7}% 30
\BOOKMARK [1][-]{section.7.2}{\376\377\000P\000o\000r\000o\000v\000n\000\341\000n\000\355\000\040\000s\000\040\000o\001\015\000e\000k\000\341\000v\000\341\000n\000\355\000m\000i}{chapter.7}% 31
\BOOKMARK [1][-]{section.7.3}{\376\377\000D\000i\000s\000k\000u\000z\000e\000\040\000o\000\040\000s\000p\000o\000l\000e\000h\000l\000i\000v\000o\000s\000t\000i\000\040\000a\000\040\000p\001\131\000e\000s\000n\000o\000s\000t\000i\000\040\000r\000e\000p\000l\000i\000k\000a\000c\000e}{chapter.7}% 32
\BOOKMARK [0][-]{chapter.8}{\376\377\000M\000o\001\176\000n\000\341\000\040\000v\000y\000l\000e\000p\001\141\000e\000n\000\355\000\040\000a\000\040\000r\000o\000z\001\141\000\355\001\131\000e\000n\000\355}{}% 33
\BOOKMARK [1][-]{section.8.1}{\376\377\000N\000\341\000v\000r\000h\000y\000\040\000n\000a\000\040\000z\000l\000e\000p\001\141\000e\000n\000\355\000\040\000p\000r\000o\000t\000o\000t\000y\000p\000u}{chapter.8}% 34
\BOOKMARK [1][-]{section.8.2}{\376\377\000M\000o\001\176\000n\000o\000s\000t\000i\000\040\000d\000a\000l\001\141\000\355\000h\000o\000\040\000v\000\375\000z\000k\000u\000m\000u\000\040\000a\000\040\000v\000\375\000v\000o\000j\000e}{chapter.8}% 35
\BOOKMARK [0][-]{chapter.9}{\376\377\000Z\000\341\000v\001\033\000r}{}% 36
\BOOKMARK [1][-]{section.9.1}{\376\377\000S\000h\000r\000n\000u\000t\000\355\000\040\000h\000l\000a\000v\000n\000\355\000c\000h\000\040\000p\000o\000z\000n\000a\000t\000k\001\157}{chapter.9}% 37
\BOOKMARK [1][-]{section.9.2}{\376\377\000Z\000h\000o\000d\000n\000o\000c\000e\000n\000\355\000\040\000v\000\375\000z\000n\000a\000m\000u\000\040\000p\000r\000\341\000c\000e}{chapter.9}% 38
\BOOKMARK [1][-]{section.9.3}{\376\377\000B\000u\000d\000o\000u\000c\000\355\000\040\000p\000e\000r\000s\000p\000e\000k\000t\000i\000v\000y}{chapter.9}% 39
\BOOKMARK [0][-]{chapter*.3}{\376\377\000L\000i\000t\000e\000r\000a\000t\000u\000r\000a}{}% 40
